Exception occured in thread Thread[main,5,main] : Juli 24, 2012 12:59:53
java.lang.NullPointerException
	at net.osmand.plus.activities.DownloadIndexActivity$DownloadIndexesAsyncTask.onPostExecute(DownloadIndexActivity.java:607)
	at net.osmand.plus.activities.DownloadIndexActivity$DownloadIndexesAsyncTask.onPostExecute(DownloadIndexActivity.java:554)
	at android.os.AsyncTask.finish(AsyncTask.java:602)
	at android.os.AsyncTask.access$600(AsyncTask.java:156)
	at android.os.AsyncTask$InternalHandler.handleMessage(AsyncTask.java:615)
	at android.os.Handler.dispatchMessage(Handler.java:99)
	at android.os.Looper.loop(Looper.java:137)
	at android.app.ActivityThread.main(ActivityThread.java:4424)
	at java.lang.reflect.Method.invokeNative(Native Method)
	at java.lang.reflect.Method.invoke(Method.java:511)
	at com.android.internal.os.ZygoteInit$MethodAndArgsCaller.run(ZygoteInit.java:784)
	at com.android.internal.os.ZygoteInit.main(ZygoteInit.java:551)
	at dalvik.system.NativeStart.main(Native Method)
Exception occured in thread Thread[main,5,main] : Juli 24, 2012 2:27:20
java.lang.NullPointerException
	at net.osmand.plus.activities.DownloadIndexActivity$DownloadIndexesAsyncTask.onPostExecute(DownloadIndexActivity.java:607)
	at net.osmand.plus.activities.DownloadIndexActivity$DownloadIndexesAsyncTask.onPostExecute(DownloadIndexActivity.java:554)
	at android.os.AsyncTask.finish(AsyncTask.java:602)
	at android.os.AsyncTask.access$600(AsyncTask.java:156)
	at android.os.AsyncTask$InternalHandler.handleMessage(AsyncTask.java:615)
	at android.os.Handler.dispatchMessage(Handler.java:99)
	at android.os.Looper.loop(Looper.java:137)
	at android.app.ActivityThread.main(ActivityThread.java:4424)
	at java.lang.reflect.Method.invokeNative(Native Method)
	at java.lang.reflect.Method.invoke(Method.java:511)
	at com.android.internal.os.ZygoteInit$MethodAndArgsCaller.run(ZygoteInit.java:784)
	at com.android.internal.os.ZygoteInit.main(ZygoteInit.java:551)
	at dalvik.system.NativeStart.main(Native Method)
Exception occured in thread Thread[main,5,main] : Juli 24, 2012 2:41:15
java.lang.NullPointerException
	at net.osmand.plus.activities.DownloadIndexActivity$DownloadIndexesAsyncTask.onPostExecute(DownloadIndexActivity.java:607)
	at net.osmand.plus.activities.DownloadIndexActivity$DownloadIndexesAsyncTask.onPostExecute(DownloadIndexActivity.java:554)
	at android.os.AsyncTask.finish(AsyncTask.java:602)
	at android.os.AsyncTask.access$600(AsyncTask.java:156)
	at android.os.AsyncTask$InternalHandler.handleMessage(AsyncTask.java:615)
	at android.os.Handler.dispatchMessage(Handler.java:99)
	at android.os.Looper.loop(Looper.java:137)
	at android.app.ActivityThread.main(ActivityThread.java:4424)
	at java.lang.reflect.Method.invokeNative(Native Method)
	at java.lang.reflect.Method.invoke(Method.java:511)
	at com.android.internal.os.ZygoteInit$MethodAndArgsCaller.run(ZygoteInit.java:784)
	at com.android.internal.os.ZygoteInit.main(ZygoteInit.java:551)
	at dalvik.system.NativeStart.main(Native Method)
Exception occured in thread Thread[main,5,main] : Juli 25, 2012 9:59:15
java.lang.IllegalArgumentException: no dialog with id 0 was ever shown via Activity#showDialog
	at android.app.Activity.missingDialog(Activity.java:2949)
	at android.app.Activity.dismissDialog(Activity.java:2934)
	at com.bidforfix.andorid.BidForFixActivity$LoadItemsTask.onPostExecute(BidForFixActivity.java:117)
	at com.bidforfix.andorid.BidForFixActivity$LoadItemsTask.onPostExecute(BidForFixActivity.java:97)
	at android.os.AsyncTask.finish(AsyncTask.java:602)
	at android.os.AsyncTask.access$600(AsyncTask.java:156)
	at android.os.AsyncTask$InternalHandler.handleMessage(AsyncTask.java:615)
	at android.os.Handler.dispatchMessage(Handler.java:99)
	at android.os.Looper.loop(Looper.java:137)
	at android.app.ActivityThread.main(ActivityThread.java:4424)
	at java.lang.reflect.Method.invokeNative(Native Method)
	at java.lang.reflect.Method.invoke(Method.java:511)
	at com.android.internal.os.ZygoteInit$MethodAndArgsCaller.run(ZygoteInit.java:784)
	at com.android.internal.os.ZygoteInit.main(ZygoteInit.java:551)
	at dalvik.system.NativeStart.main(Native Method)
Exception occured in thread Thread[main,5,main] : Juli 29, 2012 9:21:47
java.lang.NullPointerException
	at net.osmand.plus.activities.DownloadIndexActivity$DownloadIndexesAsyncTask.onPostExecute(DownloadIndexActivity.java:607)
	at net.osmand.plus.activities.DownloadIndexActivity$DownloadIndexesAsyncTask.onPostExecute(DownloadIndexActivity.java:554)
	at android.os.AsyncTask.finish(AsyncTask.java:602)
	at android.os.AsyncTask.access$600(AsyncTask.java:156)
	at android.os.AsyncTask$InternalHandler.handleMessage(AsyncTask.java:615)
	at android.os.Handler.dispatchMessage(Handler.java:99)
	at android.os.Looper.loop(Looper.java:137)
	at android.app.ActivityThread.main(ActivityThread.java:4424)
	at java.lang.reflect.Method.invokeNative(Native Method)
	at java.lang.reflect.Method.invoke(Method.java:511)
	at com.android.internal.os.ZygoteInit$MethodAndArgsCaller.run(ZygoteInit.java:784)
	at com.android.internal.os.ZygoteInit.main(ZygoteInit.java:551)
	at dalvik.system.NativeStart.main(Native Method)
Exception occured in thread Thread[main,5,main] : Juli 29, 2012 10:26:48
android.database.sqlite.SQLiteReadOnlyDatabaseException: attempt to write a readonly database
	at android.database.sqlite.SQLiteStatement.native_executeSql(Native Method)
	at android.database.sqlite.SQLiteStatement.executeUpdateDelete(SQLiteStatement.java:90)
	at android.database.sqlite.SQLiteDatabase.executeSql(SQLiteDatabase.java:1899)
	at android.database.sqlite.SQLiteDatabase.execSQL(SQLiteDatabase.java:1839)
	at android.database.sqlite.SQLiteDatabase.beginTransaction(SQLiteDatabase.java:661)
	at android.database.sqlite.SQLiteDatabase.beginTransactionNonExclusive(SQLiteDatabase.java:576)
	at android.database.sqlite.SQLiteStatement.acquireAndLock(SQLiteStatement.java:247)
	at android.database.sqlite.SQLiteStatement.executeUpdateDelete(SQLiteStatement.java:84)
	at android.database.sqlite.SQLiteDatabase.executeSql(SQLiteDatabase.java:1899)
	at android.database.sqlite.SQLiteDatabase.execSQL(SQLiteDatabase.java:1889)
	at net.osmand.plus.activities.SavingTrackHelper.execWithClose(SavingTrackHelper.java:305)
	at net.osmand.plus.activities.SavingTrackHelper.insertData(SavingTrackHelper.java:259)
	at net.osmand.plus.activities.MapActivity.setLocation(MapActivity.java:721)
	at net.osmand.plus.activities.MapActivity$16.onLocationChanged(MapActivity.java:914)
	at android.location.LocationManager$ListenerTransport._handleMessage(LocationManager.java:227)
	at android.location.LocationManager$ListenerTransport.access$000(LocationManager.java:160)
	at android.location.LocationManager$ListenerTransport$1.handleMessage(LocationManager.java:176)
	at android.os.Handler.dispatchMessage(Handler.java:99)
	at android.os.Looper.loop(Looper.java:137)
	at android.app.ActivityThread.main(ActivityThread.java:4424)
	at java.lang.reflect.Method.invokeNative(Native Method)
	at java.lang.reflect.Method.invoke(Method.java:511)
	at com.android.internal.os.ZygoteInit$MethodAndArgsCaller.run(ZygoteInit.java:784)
	at com.android.internal.os.ZygoteInit.main(ZygoteInit.java:551)
	at dalvik.system.NativeStart.main(Native Method)
Exception occured in thread Thread[main,5,main] : Juli 29, 2012 10:26:57
android.database.sqlite.SQLiteReadOnlyDatabaseException: attempt to write a readonly database
	at android.database.sqlite.SQLiteStatement.native_executeSql(Native Method)
	at android.database.sqlite.SQLiteStatement.executeUpdateDelete(SQLiteStatement.java:90)
	at android.database.sqlite.SQLiteDatabase.executeSql(SQLiteDatabase.java:1899)
	at android.database.sqlite.SQLiteDatabase.execSQL(SQLiteDatabase.java:1839)
	at android.database.sqlite.SQLiteDatabase.beginTransaction(SQLiteDatabase.java:661)
	at android.database.sqlite.SQLiteDatabase.beginTransactionNonExclusive(SQLiteDatabase.java:576)
	at android.database.sqlite.SQLiteStatement.acquireAndLock(SQLiteStatement.java:247)
	at android.database.sqlite.SQLiteStatement.executeUpdateDelete(SQLiteStatement.java:84)
	at android.database.sqlite.SQLiteDatabase.executeSql(SQLiteDatabase.java:1899)
	at android.database.sqlite.SQLiteDatabase.execSQL(SQLiteDatabase.java:1889)
	at net.osmand.plus.activities.SavingTrackHelper.execWithClose(SavingTrackHelper.java:305)
	at net.osmand.plus.activities.SavingTrackHelper.insertData(SavingTrackHelper.java:259)
	at net.osmand.plus.activities.MapActivity.setLocation(MapActivity.java:721)
	at net.osmand.plus.activities.MapActivity$16.onLocationChanged(MapActivity.java:914)
	at android.location.LocationManager$ListenerTransport._handleMessage(LocationManager.java:227)
	at android.location.LocationManager$ListenerTransport.access$000(LocationManager.java:160)
	at android.location.LocationManager$ListenerTransport$1.handleMessage(LocationManager.java:176)
	at android.os.Handler.dispatchMessage(Handler.java:99)
	at android.os.Looper.loop(Looper.java:137)
	at android.app.ActivityThread.main(ActivityThread.java:4424)
	at java.lang.reflect.Method.invokeNative(Native Method)
	at java.lang.reflect.Method.invoke(Method.java:511)
	at com.android.internal.os.ZygoteInit$MethodAndArgsCaller.run(ZygoteInit.java:784)
	at com.android.internal.os.ZygoteInit.main(ZygoteInit.java:551)
	at dalvik.system.NativeStart.main(Native Method)
Exception occured in thread Thread[main,5,main] : Juli 29, 2012 10:27:39
android.database.sqlite.SQLiteReadOnlyDatabaseException: attempt to write a readonly database
	at android.database.sqlite.SQLiteStatement.native_executeSql(Native Method)
	at android.database.sqlite.SQLiteStatement.executeUpdateDelete(SQLiteStatement.java:90)
	at android.database.sqlite.SQLiteDatabase.executeSql(SQLiteDatabase.java:1899)
	at android.database.sqlite.SQLiteDatabase.execSQL(SQLiteDatabase.java:1839)
	at android.database.sqlite.SQLiteDatabase.beginTransaction(SQLiteDatabase.java:661)
	at android.database.sqlite.SQLiteDatabase.beginTransactionNonExclusive(SQLiteDatabase.java:576)
	at android.database.sqlite.SQLiteStatement.acquireAndLock(SQLiteStatement.java:247)
	at android.database.sqlite.SQLiteStatement.executeUpdateDelete(SQLiteStatement.java:84)
	at android.database.sqlite.SQLiteDatabase.executeSql(SQLiteDatabase.java:1899)
	at android.database.sqlite.SQLiteDatabase.execSQL(SQLiteDatabase.java:1889)
	at net.osmand.plus.activities.SavingTrackHelper.execWithClose(SavingTrackHelper.java:305)
	at net.osmand.plus.activities.SavingTrackHelper.insertData(SavingTrackHelper.java:259)
	at net.osmand.plus.activities.MapActivity.setLocation(MapActivity.java:721)
	at net.osmand.plus.activities.MapActivity$16.onLocationChanged(MapActivity.java:914)
	at android.location.LocationManager$ListenerTransport._handleMessage(LocationManager.java:227)
	at android.location.LocationManager$ListenerTransport.access$000(LocationManager.java:160)
	at android.location.LocationManager$ListenerTransport$1.handleMessage(LocationManager.java:176)
	at android.os.Handler.dispatchMessage(Handler.java:99)
	at android.os.Looper.loop(Looper.java:137)
	at android.app.ActivityThread.main(ActivityThread.java:4424)
	at java.lang.reflect.Method.invokeNative(Native Method)
	at java.lang.reflect.Method.invoke(Method.java:511)
	at com.android.internal.os.ZygoteInit$MethodAndArgsCaller.run(ZygoteInit.java:784)
	at com.android.internal.os.ZygoteInit.main(ZygoteInit.java:551)
	at dalvik.system.NativeStart.main(Native Method)
